CRITICAL - 2025-08-29 03:06:22 --> CodeIgniter\View\Exceptions\ViewException: Invalid file: "koordinat/form_koordinat.php"
[Method: GET, Route: koordinat]
in SYSTEMPATH\Exceptions\FrameworkException.php on line 39.
 1 SYSTEMPATH\View\View.php(212): CodeIgniter\Exceptions\FrameworkException::forInvalidFile('koordinat/form_koordinat.php')
 2 SYSTEMPATH\Common.php(1173): CodeIgniter\View\View->render('koordinat/form_koordinat', [], true)
 3 APPPATH\Controllers\KoordinatController.php(28): view('koordinat/form_koordinat', [...])
 4 SYSTEMPATH\CodeIgniter.php(933): App\Controllers\KoordinatController->index()
 5 SYSTEMPATH\CodeIgniter.php(507): CodeIgniter\CodeIgniter->runController(Object(App\Controllers\KoordinatController))
 6 SYSTEMPATH\CodeIgniter.php(354): CodeIgniter\CodeIgniter->handleRequest(null, Object(Config\Cache), false)
 7 SYSTEMPATH\Boot.php(334): CodeIgniter\CodeIgniter->run()
 8 SYSTEMPATH\Boot.php(67): CodeIgniter\Boot::runCodeIgniter(Object(CodeIgniter\CodeIgniter))
 9 FCPATH\index.php(59): CodeIgniter\Boot::bootWeb(Object(Config\Paths))
10 SYSTEMPATH\rewrite.php(44): require_once('C:\\xampp\\htdocs\\dashboard_pju\\public\\index.php')
CRITICAL - 2025-08-29 03:06:37 --> CodeIgniter\View\Exceptions\ViewException: Invalid file: "koordinat/form_koordinat.php"
[Method: GET, Route: koordinat]
in SYSTEMPATH\Exceptions\FrameworkException.php on line 39.
 1 SYSTEMPATH\View\View.php(212): CodeIgniter\Exceptions\FrameworkException::forInvalidFile('koordinat/form_koordinat.php')
 2 SYSTEMPATH\Common.php(1173): CodeIgniter\View\View->render('koordinat/form_koordinat', [], true)
 3 APPPATH\Controllers\KoordinatController.php(28): view('koordinat/form_koordinat', [...])
 4 SYSTEMPATH\CodeIgniter.php(933): App\Controllers\KoordinatController->index()
 5 SYSTEMPATH\CodeIgniter.php(507): CodeIgniter\CodeIgniter->runController(Object(App\Controllers\KoordinatController))
 6 SYSTEMPATH\CodeIgniter.php(354): CodeIgniter\CodeIgniter->handleRequest(null, Object(Config\Cache), false)
 7 SYSTEMPATH\Boot.php(334): CodeIgniter\CodeIgniter->run()
 8 SYSTEMPATH\Boot.php(67): CodeIgniter\Boot::runCodeIgniter(Object(CodeIgniter\CodeIgniter))
 9 FCPATH\index.php(59): CodeIgniter\Boot::bootWeb(Object(Config\Paths))
10 SYSTEMPATH\rewrite.php(44): require_once('C:\\xampp\\htdocs\\dashboard_pju\\public\\index.php')
CRITICAL - 2025-08-29 03:06:39 --> CodeIgniter\View\Exceptions\ViewException: Invalid file: "koordinat/form_koordinat.php"
[Method: GET, Route: koordinat]
in SYSTEMPATH\Exceptions\FrameworkException.php on line 39.
 1 SYSTEMPATH\View\View.php(212): CodeIgniter\Exceptions\FrameworkException::forInvalidFile('koordinat/form_koordinat.php')
 2 SYSTEMPATH\Common.php(1173): CodeIgniter\View\View->render('koordinat/form_koordinat', [], true)
 3 APPPATH\Controllers\KoordinatController.php(28): view('koordinat/form_koordinat', [...])
 4 SYSTEMPATH\CodeIgniter.php(933): App\Controllers\KoordinatController->index()
 5 SYSTEMPATH\CodeIgniter.php(507): CodeIgniter\CodeIgniter->runController(Object(App\Controllers\KoordinatController))
 6 SYSTEMPATH\CodeIgniter.php(354): CodeIgniter\CodeIgniter->handleRequest(null, Object(Config\Cache), false)
 7 SYSTEMPATH\Boot.php(334): CodeIgniter\CodeIgniter->run()
 8 SYSTEMPATH\Boot.php(67): CodeIgniter\Boot::runCodeIgniter(Object(CodeIgniter\CodeIgniter))
 9 FCPATH\index.php(59): CodeIgniter\Boot::bootWeb(Object(Config\Paths))
10 SYSTEMPATH\rewrite.php(44): require_once('C:\\xampp\\htdocs\\dashboard_pju\\public\\index.php')
DEBUG - 2025-08-29 03:11:41 --> Session: Class initialized using 'CodeIgniter\Session\Handlers\FileHandler' driver.
